<?xml version="1.0" encoding="UTF-8"?>
<!-- Generated by org.testng.reporters.JUnitReportReporter -->
<testsuite skipped="0" hostname="Niraj-PC" name="testcases.TestCase2" tests="1" failures="0" timestamp="03 Aug 2019 04:27:30 GMT" time="0.020" errors="0">
  <testcase name="validatetest" time="0.020" classname="testcases.TestCase2"/>
</testsuite> <!-- testcases.TestCase2 -->
