<?xml version="1.0" encoding="UTF-8"?>
<!-- Generated by org.testng.reporters.JUnitReportReporter -->
<testsuite skipped="0" hostname="Niraj-PC" name="testcases.TestCase1" tests="2" failures="0" timestamp="31 Jul 2019 16:00:52 GMT" time="0.016" errors="0">
  <testcase name="Reg" time="0.012" classname="testcases.TestCase1"/>
  <testcase name="Login" time="0.004" classname="testcases.TestCase1"/>
</testsuite> <!-- testcases.TestCase1 -->
